{"ts":"2025-09-17T17:54:23.895Z","action":"remote_check","name":"badname","result":{"ok":false,"detail":{"flagged":true}}}
{"ts":"2025-09-17T17:54:23.901Z","action":"remote_check","name":"goodname","result":{"ok":true,"detail":{"flagged":false}}}
{"ts":"2025-09-17T17:54:23.906Z","action":"remote_check_error","name":"maybe","error":"network down"}
{"ts":"2025-09-17T17:54:38.657Z","action":"remote_check","name":"badname","result":{"ok":false,"detail":{"flagged":true}}}
{"ts":"2025-09-17T17:54:38.663Z","action":"remote_check","name":"goodname","result":{"ok":true,"detail":{"flagged":false}}}
{"ts":"2025-09-17T17:54:38.668Z","action":"remote_check_error","name":"maybe","error":"network down"}
{"ts":"2025-09-17T21:22:26.125Z","action":"remote_check","result":{"ok":false,"detail":{"flagged":true}},"nameHash":"ef70568fc076d7cc56df078730a9db23f5b9d3c1c86b36b998aae8809e1b4052"}
{"ts":"2025-09-17T21:22:26.149Z","action":"remote_check","result":{"ok":true,"detail":{"flagged":false}},"nameHash":"aeb8a1cc8dd82e531f9dd9635a8ec1896a1aadb77de1e61f3fc7ccdeedf86737"}
{"ts":"2025-09-17T21:22:26.158Z","action":"remote_check","result":{"ok":true,"detail":{"flagged":false}},"nameHash":"2bd806c97f0e00af1a1fc3328fa763a9269723c8db8fac4f93af71db186d6e90"}
{"ts":"2025-09-17T21:22:26.174Z","action":"remote_check","result":{"ok":false,"detail":{"flagged":true}},"nameHash":"ef70568fc076d7cc56df078730a9db23f5b9d3c1c86b36b998aae8809e1b4052"}
{"ts":"2025-09-17T21:22:26.179Z","action":"remote_check","result":{"ok":true,"detail":{"flagged":false}},"nameHash":"aeb8a1cc8dd82e531f9dd9635a8ec1896a1aadb77de1e61f3fc7ccdeedf86737"}
{"ts":"2025-09-17T21:22:26.185Z","action":"remote_check_error","error":"network down","nameHash":"dcfff5eb40423f055a4cd0a8d7ed39ff6cb9816868f5766b4088b9e9906961b9"}
{"ts":"2025-09-17T21:22:40.656Z","action":"remote_check_skipped","nameHash":"06eb4f4de31e5cedc9438a5dc878a4ed43a38cf6836b4e6c61ff59c601e17794"}
{"ts":"2025-09-17T21:29:41.958Z","action":"remote_check","result":{"ok":false,"detail":{"flagged":true}},"nameHash":"ef70568fc076d7cc56df078730a9db23f5b9d3c1c86b36b998aae8809e1b4052"}
{"ts":"2025-09-17T21:29:41.982Z","action":"remote_check","result":{"ok":true,"detail":{"flagged":false}},"nameHash":"aeb8a1cc8dd82e531f9dd9635a8ec1896a1aadb77de1e61f3fc7ccdeedf86737"}
{"ts":"2025-09-17T21:29:41.992Z","action":"remote_check","result":{"ok":true,"detail":{"flagged":false}},"nameHash":"2bd806c97f0e00af1a1fc3328fa763a9269723c8db8fac4f93af71db186d6e90"}
{"ts":"2025-09-17T21:29:42.001Z","action":"remote_check_skipped","nameHash":"3a54fc0cbc0b0ef48b6507b7788096235d10292dd3ae24e22f5aa062d4f9864a"}
{"ts":"2025-09-17T21:29:42.006Z","action":"remote_check_skipped","nameHash":"2bd806c97f0e00af1a1fc3328fa763a9269723c8db8fac4f93af71db186d6e90"}
{"ts":"2025-09-17T21:29:42.009Z","action":"remote_check_skipped","nameHash":"15e38a21669d3adcc72ba29565a688f5fe3d9e438361a844121578e13ec395d1"}
{"ts":"2025-09-17T21:29:42.015Z","action":"remote_check","result":{"ok":false,"detail":{"flagged":true}},"nameHash":"ef70568fc076d7cc56df078730a9db23f5b9d3c1c86b36b998aae8809e1b4052"}
{"ts":"2025-09-17T21:29:42.020Z","action":"remote_check","result":{"ok":true,"detail":{"flagged":false}},"nameHash":"aeb8a1cc8dd82e531f9dd9635a8ec1896a1aadb77de1e61f3fc7ccdeedf86737"}
{"ts":"2025-09-17T21:29:42.025Z","action":"remote_check_error","error":"network down","nameHash":"dcfff5eb40423f055a4cd0a8d7ed39ff6cb9816868f5766b4088b9e9906961b9"}
{"ts":"2025-09-17T21:30:29.034Z","action":"remote_check","result":{"ok":false,"detail":{"flagged":true}},"nameHash":"ef70568fc076d7cc56df078730a9db23f5b9d3c1c86b36b998aae8809e1b4052"}
{"ts":"2025-09-17T21:30:29.058Z","action":"remote_check","result":{"ok":true,"detail":{"flagged":false}},"nameHash":"aeb8a1cc8dd82e531f9dd9635a8ec1896a1aadb77de1e61f3fc7ccdeedf86737"}
{"ts":"2025-09-17T21:30:29.068Z","action":"remote_check","result":{"ok":true,"detail":{"flagged":false}},"nameHash":"2bd806c97f0e00af1a1fc3328fa763a9269723c8db8fac4f93af71db186d6e90"}
{"ts":"2025-09-17T21:30:29.080Z","action":"remote_check_skipped","nameHash":"3a54fc0cbc0b0ef48b6507b7788096235d10292dd3ae24e22f5aa062d4f9864a"}
{"ts":"2025-09-17T21:30:29.085Z","action":"remote_check_skipped","nameHash":"2bd806c97f0e00af1a1fc3328fa763a9269723c8db8fac4f93af71db186d6e90"}
{"ts":"2025-09-17T21:30:29.088Z","action":"remote_check_skipped","nameHash":"15e38a21669d3adcc72ba29565a688f5fe3d9e438361a844121578e13ec395d1"}
{"ts":"2025-09-17T21:30:29.093Z","action":"remote_check","result":{"ok":false,"detail":{"flagged":true}},"nameHash":"ef70568fc076d7cc56df078730a9db23f5b9d3c1c86b36b998aae8809e1b4052"}
{"ts":"2025-09-17T21:30:29.098Z","action":"remote_check","result":{"ok":true,"detail":{"flagged":false}},"nameHash":"aeb8a1cc8dd82e531f9dd9635a8ec1896a1aadb77de1e61f3fc7ccdeedf86737"}
{"ts":"2025-09-17T21:30:29.103Z","action":"remote_check_error","error":"network down","nameHash":"dcfff5eb40423f055a4cd0a8d7ed39ff6cb9816868f5766b4088b9e9906961b9"}
{"ts":"2025-09-17T21:30:29.106Z","action":"remote_check_error","error":"network down","nameHash":"dcfff5eb40423f055a4cd0a8d7ed39ff6cb9816868f5766b4088b9e9906961b9"}
{"ts":"2025-09-17T21:33:32.119Z","action":"remote_check_skipped","nameHash":"e5df3094e12b13f7b5b61dec758b80f346cd017ea3986e9473b07d0bde5ccca9"}
{"ts":"2025-09-17T21:38:09.443Z","action":"remote_check","result":{"ok":false,"detail":{"flagged":true}},"nameHash":"ef70568fc076d7cc56df078730a9db23f5b9d3c1c86b36b998aae8809e1b4052"}
{"ts":"2025-09-17T21:38:09.468Z","action":"remote_check","result":{"ok":true,"detail":{"flagged":false}},"nameHash":"aeb8a1cc8dd82e531f9dd9635a8ec1896a1aadb77de1e61f3fc7ccdeedf86737"}
{"ts":"2025-09-17T21:38:09.477Z","action":"remote_check","result":{"ok":true,"detail":{"flagged":false}},"nameHash":"2bd806c97f0e00af1a1fc3328fa763a9269723c8db8fac4f93af71db186d6e90"}
{"ts":"2025-09-17T21:38:09.491Z","action":"remote_check_skipped","nameHash":"3a54fc0cbc0b0ef48b6507b7788096235d10292dd3ae24e22f5aa062d4f9864a"}
{"ts":"2025-09-17T21:38:09.497Z","action":"remote_check_skipped","nameHash":"2bd806c97f0e00af1a1fc3328fa763a9269723c8db8fac4f93af71db186d6e90"}
{"ts":"2025-09-17T21:38:09.501Z","action":"remote_check_skipped","nameHash":"15e38a21669d3adcc72ba29565a688f5fe3d9e438361a844121578e13ec395d1"}
{"ts":"2025-09-17T21:38:09.508Z","action":"remote_check","result":{"ok":false,"detail":{"flagged":true}},"nameHash":"ef70568fc076d7cc56df078730a9db23f5b9d3c1c86b36b998aae8809e1b4052"}
{"ts":"2025-09-17T21:38:09.512Z","action":"remote_check","result":{"ok":true,"detail":{"flagged":false}},"nameHash":"aeb8a1cc8dd82e531f9dd9635a8ec1896a1aadb77de1e61f3fc7ccdeedf86737"}
{"ts":"2025-09-17T21:38:09.516Z","action":"remote_check_error","error":"network down","nameHash":"dcfff5eb40423f055a4cd0a8d7ed39ff6cb9816868f5766b4088b9e9906961b9"}
{"ts":"2025-09-17T21:38:09.519Z","action":"remote_check_error","error":"network down","nameHash":"dcfff5eb40423f055a4cd0a8d7ed39ff6cb9816868f5766b4088b9e9906961b9"}
{"ts":"2025-09-17T21:38:09.542Z","action":"remote_check_skipped","nameHash":"3973e022e93220f9212c18d0d0c543ae7c309e46640da93a4a0314de999f5112"}
{"ts":"2025-09-17T21:38:34.670Z","action":"remote_check","result":{"ok":false,"detail":{"flagged":true}},"nameHash":"ef70568fc076d7cc56df078730a9db23f5b9d3c1c86b36b998aae8809e1b4052"}
{"ts":"2025-09-17T21:38:34.694Z","action":"remote_check","result":{"ok":true,"detail":{"flagged":false}},"nameHash":"aeb8a1cc8dd82e531f9dd9635a8ec1896a1aadb77de1e61f3fc7ccdeedf86737"}
{"ts":"2025-09-17T21:38:34.703Z","action":"remote_check","result":{"ok":true,"detail":{"flagged":false}},"nameHash":"2bd806c97f0e00af1a1fc3328fa763a9269723c8db8fac4f93af71db186d6e90"}
{"ts":"2025-09-17T21:38:34.713Z","action":"remote_check_skipped","nameHash":"3a54fc0cbc0b0ef48b6507b7788096235d10292dd3ae24e22f5aa062d4f9864a"}
{"ts":"2025-09-17T21:38:34.718Z","action":"remote_check_skipped","nameHash":"2bd806c97f0e00af1a1fc3328fa763a9269723c8db8fac4f93af71db186d6e90"}
{"ts":"2025-09-17T21:38:34.722Z","action":"remote_check_skipped","nameHash":"15e38a21669d3adcc72ba29565a688f5fe3d9e438361a844121578e13ec395d1"}
{"ts":"2025-09-17T21:38:34.733Z","action":"remote_check","result":{"ok":false,"detail":{"flagged":true}},"nameHash":"ef70568fc076d7cc56df078730a9db23f5b9d3c1c86b36b998aae8809e1b4052"}
{"ts":"2025-09-17T21:38:34.738Z","action":"remote_check","result":{"ok":true,"detail":{"flagged":false}},"nameHash":"aeb8a1cc8dd82e531f9dd9635a8ec1896a1aadb77de1e61f3fc7ccdeedf86737"}
{"ts":"2025-09-17T21:38:34.743Z","action":"remote_check_error","error":"network down","nameHash":"dcfff5eb40423f055a4cd0a8d7ed39ff6cb9816868f5766b4088b9e9906961b9"}
{"ts":"2025-09-17T21:38:34.746Z","action":"remote_check_error","error":"network down","nameHash":"dcfff5eb40423f055a4cd0a8d7ed39ff6cb9816868f5766b4088b9e9906961b9"}
{"ts":"2025-09-17T21:38:34.768Z","action":"remote_check_skipped","nameHash":"3f79bb7b435b05321651daefd374cdc681dc06faa65e374e38337b88ca046dea"}
{"ts":"2025-09-17T21:38:34.771Z","action":"remote_check_skipped","nameHash":"3f79bb7b435b05321651daefd374cdc681dc06faa65e374e38337b88ca046dea"}
{"ts":"2025-09-17T21:38:34.780Z","action":"remote_check_skipped","nameHash":"e7f6c011776e8db7cd330b54174fd76f7d0216b612387a5ffcfb81e6f0919683"}
{"ts":"2025-09-17T21:38:34.786Z","action":"remote_check_skipped","nameHash":"acac86c0e609ca906f632b0e2dacccb2b77d22b0621f20ebece1a4835b93f6f0"}
{"ts":"2025-09-17T21:38:34.790Z","action":"remote_check_skipped","nameHash":"3ff6c05723bb069d19953340320fa9512f0be584742703e60226ded28bb43861"}
{"ts":"2025-09-17T21:38:34.800Z","action":"remote_check_skipped","nameHash":"4a914cdcc945887baa7ed69d50faaeda4ba1708eb8e6773143b6771674749152"}
{"ts":"2025-09-17T21:38:34.809Z","action":"remote_check_skipped","nameHash":"ee2a07da4b8bd8f9dc31602d71611ce4fe0fc6a3d3aee276e9986b699ce149ed"}
{"ts":"2025-09-17T21:38:34.826Z","action":"remote_check_skipped","nameHash":"cf1e93876e98e8cf8083bc0184e48e50835bb30faf5c693e0108a85ba078e3cb"}
{"ts":"2025-09-17T21:38:34.829Z","action":"remote_check_skipped","nameHash":"d2e2adf7177b7a8afddbc12d1634cf23ea1a71020f6a1308070a16400fb68fde"}
{"ts":"2025-09-17T21:38:34.831Z","action":"remote_check_skipped","nameHash":"74be4474ad66073200acfcc0eb5fc682cebf1a002fc47c3a90e94f1d8b107ba4"}
{"ts":"2025-09-17T21:38:34.833Z","action":"remote_check_skipped","nameHash":"b737ca7ee563ae80e457bb3d1dfe64edd2b4c015a8f88b6f87d5c113b68897fd"}
{"ts":"2025-09-17T21:38:34.857Z","action":"remote_check_skipped","nameHash":"3e23e8160039594a33894f6564e1b1348bbd7a0088d42c4acb73eeaed59c009d"}
{"ts":"2025-09-17T21:38:34.866Z","action":"remote_check_skipped","nameHash":"07ed400759a0f606a8b5bfa84712aabe7d1b1c45cb6536c8a5727446b6647b84"}
{"ts":"2025-09-17T21:38:34.869Z","action":"remote_check_skipped","nameHash":"1c583f91fba79043460a7bcfc5800f503cb1c1b2afdae37091f09cec3523639a"}
{"ts":"2025-09-17T21:38:34.879Z","action":"remote_check_skipped","nameHash":"622ed12ef6be1a886b51d77ec4c91ac8fee7a93f7e78123a9fe7dc3a14ae5968"}
{"ts":"2025-09-17T21:38:34.891Z","action":"remote_check_skipped","nameHash":"65c74c15a686187bb6bbf9958f494fc6b80068034a659a9ad44991b08c58f2d2"}
{"ts":"2025-09-17T21:38:34.899Z","action":"remote_check_skipped","nameHash":"cd0aa9856147b6c5b4ff2b7dfee5da20aa38253099ef1b4a64aced233c9afe29"}
{"ts":"2025-09-17T21:38:34.903Z","action":"remote_check_skipped","nameHash":"82a3537ff0dbce7eec35d69edc3a189ee6f17d82f353a553f9aa96cb0be3ce89"}
{"ts":"2025-09-17T21:38:34.907Z","action":"remote_check_skipped","nameHash":"3973e022e93220f9212c18d0d0c543ae7c309e46640da93a4a0314de999f5112"}
{"ts":"2025-09-17T21:38:34.916Z","action":"remote_check_skipped","nameHash":"a29c4c6e2c50b884a06bbfc0ea61fc2caebb03010ee37bf5ab7a62ef2d80ae30"}
{"ts":"2025-09-17T21:38:34.925Z","action":"remote_check_skipped","nameHash":"a83dd0ccbffe39d071cc317ddf6e97f5c6b1c87af91919271f9fa140b0508c6c"}
{"ts":"2025-09-17T21:38:34.931Z","action":"remote_check_skipped","nameHash":"18f5384d58bcb1bba0bcd9e6a6781d1a6ac2cc280c330ecbab6cb7931b721552"}
{"ts":"2025-09-17T21:38:34.932Z","action":"remote_check_skipped","nameHash":"e3b98a4da31a127d4bde6e43033f66ba274cab0eb7eb1c70ec41402bf6273dd8"}
{"ts":"2025-09-17T21:38:34.943Z","action":"remote_check_skipped","nameHash":"7978f506baa16285f4f3f6cee4f425c0bd5e06883e37ede4a8d8e62c03d660ef"}
{"ts":"2025-09-17T21:38:34.955Z","action":"remote_check_skipped","nameHash":"3973e022e93220f9212c18d0d0c543ae7c309e46640da93a4a0314de999f5112"}
{"ts":"2025-09-17T21:46:59.421Z","action":"remote_check","result":{"ok":false,"detail":{"flagged":true}},"nameHash":"ef70568fc076d7cc56df078730a9db23f5b9d3c1c86b36b998aae8809e1b4052"}
{"ts":"2025-09-17T21:46:59.445Z","action":"remote_check","result":{"ok":true,"detail":{"flagged":false}},"nameHash":"aeb8a1cc8dd82e531f9dd9635a8ec1896a1aadb77de1e61f3fc7ccdeedf86737"}
{"ts":"2025-09-17T21:46:59.455Z","action":"remote_check","result":{"ok":true,"detail":{"flagged":false}},"nameHash":"2bd806c97f0e00af1a1fc3328fa763a9269723c8db8fac4f93af71db186d6e90"}
{"ts":"2025-09-17T21:46:59.468Z","action":"remote_check_skipped","nameHash":"3a54fc0cbc0b0ef48b6507b7788096235d10292dd3ae24e22f5aa062d4f9864a"}
{"ts":"2025-09-17T21:46:59.475Z","action":"remote_check_skipped","nameHash":"2bd806c97f0e00af1a1fc3328fa763a9269723c8db8fac4f93af71db186d6e90"}
{"ts":"2025-09-17T21:46:59.478Z","action":"remote_check_skipped","nameHash":"15e38a21669d3adcc72ba29565a688f5fe3d9e438361a844121578e13ec395d1"}
{"ts":"2025-09-17T21:46:59.485Z","action":"remote_check","result":{"ok":false,"detail":{"flagged":true}},"nameHash":"ef70568fc076d7cc56df078730a9db23f5b9d3c1c86b36b998aae8809e1b4052"}
{"ts":"2025-09-17T21:46:59.488Z","action":"remote_check","result":{"ok":true,"detail":{"flagged":false}},"nameHash":"aeb8a1cc8dd82e531f9dd9635a8ec1896a1aadb77de1e61f3fc7ccdeedf86737"}
{"ts":"2025-09-17T21:46:59.492Z","action":"remote_check_error","error":"network down","nameHash":"dcfff5eb40423f055a4cd0a8d7ed39ff6cb9816868f5766b4088b9e9906961b9"}
{"ts":"2025-09-17T21:46:59.494Z","action":"remote_check_error","error":"network down","nameHash":"dcfff5eb40423f055a4cd0a8d7ed39ff6cb9816868f5766b4088b9e9906961b9"}
{"ts":"2025-09-17T21:46:59.521Z","action":"remote_check_skipped","nameHash":"9b681b7c3ca8c6a1225cc5e703ae5c88f6130584dd225dbc5b6e89b94c7dafef"}
{"ts":"2025-09-17T21:46:59.524Z","action":"remote_check_skipped","nameHash":"4c83a04e61ea734f43000fb74988ff7393286527290b53fb33afe2fded736fc4"}
{"ts":"2025-09-17T21:46:59.527Z","action":"remote_check_skipped","nameHash":"fd498c18ab602aec0320ba6c69cc70d06ed10dd4790d3f48f7d767605938a4ed"}
{"ts":"2025-09-17T21:46:59.550Z","action":"remote_check_skipped","nameHash":"8e5202705183bd3a20a29e224499b0f77a8273ee33cd93cca71043c57ad4bdfc"}
{"ts":"2025-09-17T21:46:59.576Z","action":"remote_check_skipped","nameHash":"2a8b1d18814ecd9ac9e9bc5caeb101dec65fdd6d2bc8a05f5d0a0666b823b41d"}
{"ts":"2025-09-17T21:46:59.590Z","action":"remote_check_skipped","nameHash":"de7d1b721a1e0632b7cf04edf5032c8ecffa9f9a08492152b926f1a5a7e765d7"}
{"ts":"2025-09-17T21:46:59.602Z","action":"remote_check_skipped","nameHash":"3973e022e93220f9212c18d0d0c543ae7c309e46640da93a4a0314de999f5112"}
{"ts":"2025-09-17T21:46:59.624Z","action":"remote_check_skipped","nameHash":"4a927691d02f0e4f5206039de256bb873f5a8bd0ba944f10a57c42efa9a235c1"}
{"ts":"2025-09-17T21:46:59.626Z","action":"remote_check_skipped","nameHash":"3973e022e93220f9212c18d0d0c543ae7c309e46640da93a4a0314de999f5112"}
{"ts":"2025-09-17T21:46:59.655Z","action":"remote_check_skipped","nameHash":"65c74c15a686187bb6bbf9958f494fc6b80068034a659a9ad44991b08c58f2d2"}
{"ts":"2025-09-17T21:46:59.667Z","action":"remote_check_skipped","nameHash":"7edb360f06acaef2cc80dba16cf563f199d347db4443da04da0c8173e3f9e4ed"}
{"ts":"2025-09-17T21:46:59.669Z","action":"remote_check_skipped","nameHash":"333e0a1e27815d0ceee55c473fe3dc93d56c63e3bee2b3b4aee8eed6d70191a3"}
{"ts":"2025-09-17T21:46:59.677Z","action":"remote_check_skipped","nameHash":"9281f7d695c9578927c980a403af10de526866a385d4e0a0af4b799e02979468"}
{"ts":"2025-09-17T21:47:19.674Z","action":"remote_check","result":{"ok":false,"detail":{"flagged":true}},"nameHash":"ef70568fc076d7cc56df078730a9db23f5b9d3c1c86b36b998aae8809e1b4052"}
{"ts":"2025-09-17T21:47:19.699Z","action":"remote_check","result":{"ok":true,"detail":{"flagged":false}},"nameHash":"aeb8a1cc8dd82e531f9dd9635a8ec1896a1aadb77de1e61f3fc7ccdeedf86737"}
{"ts":"2025-09-17T21:47:19.708Z","action":"remote_check","result":{"ok":true,"detail":{"flagged":false}},"nameHash":"2bd806c97f0e00af1a1fc3328fa763a9269723c8db8fac4f93af71db186d6e90"}
{"ts":"2025-09-17T21:47:19.720Z","action":"remote_check_skipped","nameHash":"3a54fc0cbc0b0ef48b6507b7788096235d10292dd3ae24e22f5aa062d4f9864a"}
{"ts":"2025-09-17T21:47:19.724Z","action":"remote_check_skipped","nameHash":"2bd806c97f0e00af1a1fc3328fa763a9269723c8db8fac4f93af71db186d6e90"}
{"ts":"2025-09-17T21:47:19.728Z","action":"remote_check_skipped","nameHash":"db74c940d447e877d119df613edd2700c4a84cd1cf08beb7cbc319bcfaeab97a"}
{"ts":"2025-09-17T21:47:19.735Z","action":"remote_check","result":{"ok":false,"detail":{"flagged":true}},"nameHash":"ef70568fc076d7cc56df078730a9db23f5b9d3c1c86b36b998aae8809e1b4052"}
{"ts":"2025-09-17T21:47:19.740Z","action":"remote_check","result":{"ok":true,"detail":{"flagged":false}},"nameHash":"aeb8a1cc8dd82e531f9dd9635a8ec1896a1aadb77de1e61f3fc7ccdeedf86737"}
{"ts":"2025-09-17T21:47:19.745Z","action":"remote_check_error","error":"network down","nameHash":"dcfff5eb40423f055a4cd0a8d7ed39ff6cb9816868f5766b4088b9e9906961b9"}
{"ts":"2025-09-17T21:47:19.747Z","action":"remote_check_error","error":"network down","nameHash":"dcfff5eb40423f055a4cd0a8d7ed39ff6cb9816868f5766b4088b9e9906961b9"}
{"ts":"2025-09-17T21:47:19.777Z","action":"remote_check_skipped","nameHash":"3ff6c05723bb069d19953340320fa9512f0be584742703e60226ded28bb43861"}
{"ts":"2025-09-17T21:47:19.793Z","action":"remote_check_skipped","nameHash":"e632b7095b0bf32c260fa4c539e9fd7b852d0de454e9be26f24d0d6f91d069d3"}
{"ts":"2025-09-17T21:47:19.797Z","action":"remote_check_skipped","nameHash":"2c70e12b7a0646f92279f427c7b38e7334d8e5389cff167a1dc30e73f826b683"}
{"ts":"2025-09-17T21:47:19.807Z","action":"remote_check_skipped","nameHash":"aaa9402664f1a41f40ebbc52c9993eb66aeb366602958fdfaa283b71e64db123"}
{"ts":"2025-09-17T21:47:19.818Z","action":"remote_check_skipped","nameHash":"3973e022e93220f9212c18d0d0c543ae7c309e46640da93a4a0314de999f5112"}
{"ts":"2025-09-17T21:47:19.823Z","action":"remote_check_skipped","nameHash":"0510eddd781102030eb8860671503a28e6a37f5346de429bdd47c0a37c77cc7d"}
{"ts":"2025-09-17T21:47:19.826Z","action":"remote_check_skipped","nameHash":"594e519ae499312b29433b7dd8a97ff068defcba9755b6d5d00e84c524d67b06"}
{"ts":"2025-09-17T21:47:19.838Z","action":"remote_check_skipped","nameHash":"50e721e49c013f00c62cf59f2163542a9d8df02464efeb615d31051b0fddc326"}
{"ts":"2025-09-17T21:47:19.840Z","action":"remote_check_skipped","nameHash":"0bfe935e70c321c7ca3afc75ce0d0ca2f98b5422e008bb31c00c6d7f1f1c0ad6"}
{"ts":"2025-09-17T21:47:19.842Z","action":"remote_check_skipped","nameHash":"2e468618b570eee70ea0046a58bc10885dde130da88da9914459b8c5389a4b15"}
{"ts":"2025-09-17T21:47:19.844Z","action":"remote_check_skipped","nameHash":"333e0a1e27815d0ceee55c473fe3dc93d56c63e3bee2b3b4aee8eed6d70191a3"}
{"ts":"2025-09-17T21:47:19.855Z","action":"remote_check_skipped","nameHash":"3973e022e93220f9212c18d0d0c543ae7c309e46640da93a4a0314de999f5112"}
{"ts":"2025-09-17T21:47:19.863Z","action":"remote_check_skipped","nameHash":"a1fce4363854ff888cff4b8e7875d600c2682390412a8cf79b37d0b11148b0fa"}
{"ts":"2025-09-17T21:47:19.889Z","action":"remote_check_skipped","nameHash":"6b23c0d5f35d1b11f9b683f0b0a617355deb11277d91ae091d399c655b87940d"}
{"ts":"2025-09-17T21:47:19.899Z","action":"remote_check_skipped","nameHash":"a9f51566bd6705f7ea6ad54bb9deb449f795582d6529a0e22207b8981233ec58"}
{"ts":"2025-09-17T21:47:19.904Z","action":"remote_check_skipped","nameHash":"f08dd851c430f52f3fbe9692678a2e2c3cf9009035a13a5cf080ce9ed2125ce9"}
{"ts":"2025-09-17T21:47:19.915Z","action":"remote_check_skipped","nameHash":"559aead08264d5795d3909718cdd05abd49572e84fe55590eef31a88a08fdffd"}
{"ts":"2025-09-17T21:47:19.956Z","action":"remote_check_skipped","nameHash":"454349e422f05297191ead13e21d3db520e5abef52055e4964b82fb213f593a1"}
{"ts":"2025-09-17T21:47:19.959Z","action":"remote_check_skipped","nameHash":"ca978112ca1bbdcafac231b39a23dc4da786eff8147c4e72b9807785afee48bb"}
{"ts":"2025-09-17T21:50:02.638Z","action":"remote_check","result":{"ok":false,"detail":{"flagged":true}},"nameHash":"ef70568fc076d7cc56df078730a9db23f5b9d3c1c86b36b998aae8809e1b4052"}
{"ts":"2025-09-17T21:50:02.664Z","action":"remote_check","result":{"ok":true,"detail":{"flagged":false}},"nameHash":"aeb8a1cc8dd82e531f9dd9635a8ec1896a1aadb77de1e61f3fc7ccdeedf86737"}
{"ts":"2025-09-17T21:50:02.681Z","action":"remote_check","result":{"ok":true,"detail":{"flagged":false}},"nameHash":"2bd806c97f0e00af1a1fc3328fa763a9269723c8db8fac4f93af71db186d6e90"}
{"ts":"2025-09-17T21:50:02.691Z","action":"remote_check_skipped","nameHash":"3a54fc0cbc0b0ef48b6507b7788096235d10292dd3ae24e22f5aa062d4f9864a"}
{"ts":"2025-09-17T21:50:02.696Z","action":"remote_check_skipped","nameHash":"2bd806c97f0e00af1a1fc3328fa763a9269723c8db8fac4f93af71db186d6e90"}
{"ts":"2025-09-17T21:50:02.702Z","action":"remote_check_skipped","nameHash":"db74c940d447e877d119df613edd2700c4a84cd1cf08beb7cbc319bcfaeab97a"}
{"ts":"2025-09-17T21:50:02.708Z","action":"remote_check","result":{"ok":false,"detail":{"flagged":true}},"nameHash":"ef70568fc076d7cc56df078730a9db23f5b9d3c1c86b36b998aae8809e1b4052"}
{"ts":"2025-09-17T21:50:02.713Z","action":"remote_check","result":{"ok":true,"detail":{"flagged":false}},"nameHash":"aeb8a1cc8dd82e531f9dd9635a8ec1896a1aadb77de1e61f3fc7ccdeedf86737"}
{"ts":"2025-09-17T21:50:02.717Z","action":"remote_check_error","error":"network down","nameHash":"dcfff5eb40423f055a4cd0a8d7ed39ff6cb9816868f5766b4088b9e9906961b9"}
{"ts":"2025-09-17T21:50:02.720Z","action":"remote_check_error","error":"network down","nameHash":"dcfff5eb40423f055a4cd0a8d7ed39ff6cb9816868f5766b4088b9e9906961b9"}
{"ts":"2025-09-17T21:50:02.740Z","action":"remote_check_skipped","nameHash":"3973e022e93220f9212c18d0d0c543ae7c309e46640da93a4a0314de999f5112"}
{"ts":"2025-09-17T21:50:02.748Z","action":"remote_check_skipped","nameHash":"a83dd0ccbffe39d071cc317ddf6e97f5c6b1c87af91919271f9fa140b0508c6c"}
{"ts":"2025-09-17T21:50:02.764Z","action":"remote_check_skipped","nameHash":"592372bb39bc1c652ceb4091a694d77fa9ef5f144e3747c0539babe1a407428c"}
{"ts":"2025-09-17T21:50:02.788Z","action":"remote_check_skipped","nameHash":"2c70e12b7a0646f92279f427c7b38e7334d8e5389cff167a1dc30e73f826b683"}
{"ts":"2025-09-17T21:50:02.802Z","action":"remote_check_skipped","nameHash":"4f00cdb6d4ba9ee3b551311f250d330598c373bcafca19281e240d1daad43364"}
{"ts":"2025-09-17T21:50:02.804Z","action":"remote_check_skipped","nameHash":"c3a3df4282e568cee9c2c2e49aa141da3de69631a31a201b99838faf1a7f0d29"}
{"ts":"2025-09-17T21:50:02.812Z","action":"remote_check_skipped","nameHash":"ce787a96842f3dbc3b3978b9277bb9340a7a2255e5386b650737625603e2d2f5"}
{"ts":"2025-09-17T21:50:02.815Z","action":"remote_check_skipped","nameHash":"454349e422f05297191ead13e21d3db520e5abef52055e4964b82fb213f593a1"}
{"ts":"2025-09-17T21:50:02.818Z","action":"remote_check_skipped","nameHash":"e9adc0bd47a12125cb46ac9f3cb352e4d23fdf818cb46681c480e30862ae602d"}
{"ts":"2025-09-17T21:50:02.832Z","action":"remote_check_skipped","nameHash":"e835d0bf51a4ea9360cc0329a8272f67aba5513218435577aa7ae3811f1747e8"}
{"ts":"2025-09-17T21:50:02.859Z","action":"remote_check_skipped","nameHash":"3973e022e93220f9212c18d0d0c543ae7c309e46640da93a4a0314de999f5112"}
{"ts":"2025-09-17T21:50:02.867Z","action":"remote_check_skipped","nameHash":"ca978112ca1bbdcafac231b39a23dc4da786eff8147c4e72b9807785afee48bb"}
{"ts":"2025-09-17T21:50:02.873Z","action":"remote_check_skipped","nameHash":"3ff6c05723bb069d19953340320fa9512f0be584742703e60226ded28bb43861"}
{"ts":"2025-09-17T21:50:02.878Z","action":"remote_check_skipped","nameHash":"97a5e41b45ddd2b2381046e77ccfa5c45d3553b81b66aeba7ed5c460c660f93f"}
{"ts":"2025-09-17T21:50:02.892Z","action":"remote_check_skipped","nameHash":"a25513c7e0f6eaa80a3337ee18081b9e2ed09e00af8531c8f7bb2542764027e7"}
{"ts":"2025-09-17T21:50:02.899Z","action":"remote_check_skipped","nameHash":"65c74c15a686187bb6bbf9958f494fc6b80068034a659a9ad44991b08c58f2d2"}
{"ts":"2025-09-17T21:50:02.907Z","action":"remote_check_skipped","nameHash":"3973e022e93220f9212c18d0d0c543ae7c309e46640da93a4a0314de999f5112"}
{"ts":"2025-09-17T21:50:02.918Z","action":"remote_check_skipped","nameHash":"3ff6c05723bb069d19953340320fa9512f0be584742703e60226ded28bb43861"}
{"ts":"2025-09-17T21:50:02.923Z","action":"remote_check_skipped","nameHash":"a83dd0ccbffe39d071cc317ddf6e97f5c6b1c87af91919271f9fa140b0508c6c"}
{"ts":"2025-09-17T21:50:02.925Z","action":"remote_check_skipped","nameHash":"7ef9ec0cf2c4facafddd03ab96eca0939d6749b49952bd816f1e0cc6901941d5"}
{"ts":"2025-09-17T21:50:02.935Z","action":"remote_check_skipped","nameHash":"c8bb07a6ba7bfb8048376a3c60c74594d49a831c64164d6807907d1516909e34"}
{"ts":"2025-09-18T17:36:39.689Z","action":"remote_check_skipped","nameHash":"3dd049bd885e2378048b00d52087e1cc8b45f6fb758728899c99781a927dad13"}
{"ts":"2025-09-19T11:50:39.152Z","action":"remote_check","result":{"ok":false,"detail":{"flagged":true}},"nameHash":"ef70568fc076d7cc56df078730a9db23f5b9d3c1c86b36b998aae8809e1b4052"}
{"ts":"2025-09-19T11:50:39.181Z","action":"remote_check","result":{"ok":true,"detail":{"flagged":false}},"nameHash":"aeb8a1cc8dd82e531f9dd9635a8ec1896a1aadb77de1e61f3fc7ccdeedf86737"}
{"ts":"2025-09-19T11:50:39.192Z","action":"remote_check","result":{"ok":true,"detail":{"flagged":false}},"nameHash":"2bd806c97f0e00af1a1fc3328fa763a9269723c8db8fac4f93af71db186d6e90"}
{"ts":"2025-09-19T11:50:39.207Z","action":"remote_check_skipped","nameHash":"3a54fc0cbc0b0ef48b6507b7788096235d10292dd3ae24e22f5aa062d4f9864a"}
{"ts":"2025-09-19T11:50:39.212Z","action":"remote_check_skipped","nameHash":"2bd806c97f0e00af1a1fc3328fa763a9269723c8db8fac4f93af71db186d6e90"}
{"ts":"2025-09-19T11:50:39.216Z","action":"remote_check_skipped","nameHash":"db74c940d447e877d119df613edd2700c4a84cd1cf08beb7cbc319bcfaeab97a"}
{"ts":"2025-09-19T11:50:39.223Z","action":"remote_check","result":{"ok":false,"detail":{"flagged":true}},"nameHash":"ef70568fc076d7cc56df078730a9db23f5b9d3c1c86b36b998aae8809e1b4052"}
{"ts":"2025-09-19T11:50:39.227Z","action":"remote_check","result":{"ok":true,"detail":{"flagged":false}},"nameHash":"aeb8a1cc8dd82e531f9dd9635a8ec1896a1aadb77de1e61f3fc7ccdeedf86737"}
{"ts":"2025-09-19T11:50:39.233Z","action":"remote_check_error","error":"network down","nameHash":"dcfff5eb40423f055a4cd0a8d7ed39ff6cb9816868f5766b4088b9e9906961b9"}
{"ts":"2025-09-19T11:50:39.235Z","action":"remote_check_error","error":"network down","nameHash":"dcfff5eb40423f055a4cd0a8d7ed39ff6cb9816868f5766b4088b9e9906961b9"}
{"ts":"2025-09-19T11:50:39.265Z","action":"remote_check_skipped","nameHash":"2c70e12b7a0646f92279f427c7b38e7334d8e5389cff167a1dc30e73f826b683"}
{"ts":"2025-09-19T11:50:39.285Z","action":"remote_check_skipped","nameHash":"d2e2adf7177b7a8afddbc12d1634cf23ea1a71020f6a1308070a16400fb68fde"}
{"ts":"2025-09-19T11:50:39.305Z","action":"remote_check_skipped","nameHash":"7edb360f06acaef2cc80dba16cf563f199d347db4443da04da0c8173e3f9e4ed"}
{"ts":"2025-09-19T11:50:39.307Z","action":"remote_check_skipped","nameHash":"454349e422f05297191ead13e21d3db520e5abef52055e4964b82fb213f593a1"}
{"ts":"2025-09-19T11:50:39.356Z","action":"remote_check_skipped","nameHash":"e3b98a4da31a127d4bde6e43033f66ba274cab0eb7eb1c70ec41402bf6273dd8"}
{"ts":"2025-09-19T11:50:39.368Z","action":"remote_check_skipped","nameHash":"043a718774c572bd8a25adbeb1bfcd5c0256ae11cecf9f9c3f925d0e52beaf89"}
{"ts":"2025-09-19T11:50:39.370Z","action":"remote_check_skipped","nameHash":"97a5e41b45ddd2b2381046e77ccfa5c45d3553b81b66aeba7ed5c460c660f93f"}
{"ts":"2025-09-19T11:50:39.373Z","action":"remote_check_skipped","nameHash":"3d9fc4bde7ceef058d65b00186e79c1f14b42687b491644c303065135b644e18"}
{"ts":"2025-09-19T11:50:39.408Z","action":"remote_check_skipped","nameHash":"051603900bc7a27051b385299b0ef6c3dd2da3c6216845df7f501d9e4337cbcd"}
{"ts":"2025-09-19T11:50:39.414Z","action":"remote_check_skipped","nameHash":"bade9ea57931f2ef43df04da9c1afc263971bca2cc9d0eb931f88ae8293323a9"}
{"ts":"2025-09-19T11:50:39.422Z","action":"remote_check_skipped","nameHash":"ca978112ca1bbdcafac231b39a23dc4da786eff8147c4e72b9807785afee48bb"}
{"ts":"2025-09-19T11:50:39.430Z","action":"remote_check_skipped","nameHash":"a58f93067e59fb30158dbef70ca48ee94c561e13dbfa416f0ec59be43e51df5e"}
{"ts":"2025-09-19T12:17:00.575Z","action":"remote_check","result":{"ok":false,"detail":{"flagged":true}},"nameHash":"ef70568fc076d7cc56df078730a9db23f5b9d3c1c86b36b998aae8809e1b4052"}
{"ts":"2025-09-19T12:17:00.603Z","action":"remote_check","result":{"ok":true,"detail":{"flagged":false}},"nameHash":"aeb8a1cc8dd82e531f9dd9635a8ec1896a1aadb77de1e61f3fc7ccdeedf86737"}
{"ts":"2025-09-19T12:17:00.613Z","action":"remote_check","result":{"ok":true,"detail":{"flagged":false}},"nameHash":"2bd806c97f0e00af1a1fc3328fa763a9269723c8db8fac4f93af71db186d6e90"}
{"ts":"2025-09-19T12:17:00.624Z","action":"remote_check_skipped","nameHash":"3a54fc0cbc0b0ef48b6507b7788096235d10292dd3ae24e22f5aa062d4f9864a"}
{"ts":"2025-09-19T12:17:00.629Z","action":"remote_check_skipped","nameHash":"2bd806c97f0e00af1a1fc3328fa763a9269723c8db8fac4f93af71db186d6e90"}
{"ts":"2025-09-19T12:17:00.633Z","action":"remote_check_skipped","nameHash":"db74c940d447e877d119df613edd2700c4a84cd1cf08beb7cbc319bcfaeab97a"}
{"ts":"2025-09-19T12:17:00.639Z","action":"remote_check","result":{"ok":false,"detail":{"flagged":true}},"nameHash":"ef70568fc076d7cc56df078730a9db23f5b9d3c1c86b36b998aae8809e1b4052"}
{"ts":"2025-09-19T12:17:00.644Z","action":"remote_check","result":{"ok":true,"detail":{"flagged":false}},"nameHash":"aeb8a1cc8dd82e531f9dd9635a8ec1896a1aadb77de1e61f3fc7ccdeedf86737"}
{"ts":"2025-09-19T12:17:00.649Z","action":"remote_check_error","error":"network down","nameHash":"dcfff5eb40423f055a4cd0a8d7ed39ff6cb9816868f5766b4088b9e9906961b9"}
{"ts":"2025-09-19T12:17:00.651Z","action":"remote_check_error","error":"network down","nameHash":"dcfff5eb40423f055a4cd0a8d7ed39ff6cb9816868f5766b4088b9e9906961b9"}
{"ts":"2025-09-19T12:17:00.676Z","action":"remote_check_skipped","nameHash":"7edb360f06acaef2cc80dba16cf563f199d347db4443da04da0c8173e3f9e4ed"}
{"ts":"2025-09-19T12:17:00.683Z","action":"remote_check_skipped","nameHash":"043a718774c572bd8a25adbeb1bfcd5c0256ae11cecf9f9c3f925d0e52beaf89"}
{"ts":"2025-09-19T12:17:00.689Z","action":"remote_check_skipped","nameHash":"d2e2adf7177b7a8afddbc12d1634cf23ea1a71020f6a1308070a16400fb68fde"}
{"ts":"2025-09-19T12:17:00.705Z","action":"remote_check_skipped","nameHash":"3973e022e93220f9212c18d0d0c543ae7c309e46640da93a4a0314de999f5112"}
{"ts":"2025-09-19T12:17:00.712Z","action":"remote_check_skipped","nameHash":"52a742c6a4573662c165ffa3f3d906c9b2ebad11de1f15623c6abbc2632e937f"}
{"ts":"2025-09-19T12:17:00.734Z","action":"remote_check_skipped","nameHash":"74be4474ad66073200acfcc0eb5fc682cebf1a002fc47c3a90e94f1d8b107ba4"}
{"ts":"2025-09-19T12:17:00.751Z","action":"remote_check_skipped","nameHash":"333e0a1e27815d0ceee55c473fe3dc93d56c63e3bee2b3b4aee8eed6d70191a3"}
{"ts":"2025-09-19T12:17:00.763Z","action":"remote_check_skipped","nameHash":"9150c74c5f92d51a92857f4b9678105ba5a676d308339a353b20bd38cd669ce7"}
{"ts":"2025-09-19T12:17:00.766Z","action":"remote_check_skipped","nameHash":"3973e022e93220f9212c18d0d0c543ae7c309e46640da93a4a0314de999f5112"}
{"ts":"2025-09-19T12:17:00.769Z","action":"remote_check_skipped","nameHash":"1b16b1df538ba12dc3f97edbb85caa7050d46c148134290feba80f8236c83db9"}
{"ts":"2025-09-19T12:17:00.782Z","action":"remote_check_skipped","nameHash":"aaa9402664f1a41f40ebbc52c9993eb66aeb366602958fdfaa283b71e64db123"}
{"ts":"2025-09-19T12:17:00.788Z","action":"remote_check_skipped","nameHash":"347d5ab949a06d71ec247131c097215abda154161510778773ac6c7b869b5e1c"}
{"ts":"2025-09-19T12:17:00.810Z","action":"remote_check_skipped","nameHash":"7978f506baa16285f4f3f6cee4f425c0bd5e06883e37ede4a8d8e62c03d660ef"}
{"ts":"2025-09-19T12:17:00.819Z","action":"remote_check_skipped","nameHash":"e632b7095b0bf32c260fa4c539e9fd7b852d0de454e9be26f24d0d6f91d069d3"}
{"ts":"2025-09-19T12:17:00.827Z","action":"remote_check_skipped","nameHash":"82a3537ff0dbce7eec35d69edc3a189ee6f17d82f353a553f9aa96cb0be3ce89"}
{"ts":"2025-09-19T12:17:00.832Z","action":"remote_check_skipped","nameHash":"a83dd0ccbffe39d071cc317ddf6e97f5c6b1c87af91919271f9fa140b0508c6c"}
{"ts":"2025-09-19T12:17:00.835Z","action":"remote_check_skipped","nameHash":"c4694f2e93d5c4e7d51f9c5deb75e6cc8be5e1114178c6a45b6fc2c566a0aa8c"}
{"ts":"2025-09-19T12:17:00.837Z","action":"remote_check_skipped","nameHash":"18f5384d58bcb1bba0bcd9e6a6781d1a6ac2cc280c330ecbab6cb7931b721552"}
{"ts":"2025-09-19T12:17:00.839Z","action":"remote_check_skipped","nameHash":"c4694f2e93d5c4e7d51f9c5deb75e6cc8be5e1114178c6a45b6fc2c566a0aa8c"}
{"ts":"2025-09-19T12:17:00.855Z","action":"remote_check_skipped","nameHash":"0fb7bc40cb53e231741f8a611b0476f94dbef5cd02dcea7f1e57d2749c97b484"}
{"ts":"2025-09-19T12:17:00.858Z","action":"remote_check_skipped","nameHash":"0fb7bc40cb53e231741f8a611b0476f94dbef5cd02dcea7f1e57d2749c97b484"}
{"ts":"2025-09-19T12:17:00.870Z","action":"remote_check_skipped","nameHash":"3973e022e93220f9212c18d0d0c543ae7c309e46640da93a4a0314de999f5112"}
{"ts":"2025-09-19T12:30:33.906Z","action":"remote_check","result":{"ok":false,"detail":{"flagged":true}},"nameHash":"ef70568fc076d7cc56df078730a9db23f5b9d3c1c86b36b998aae8809e1b4052"}
{"ts":"2025-09-19T12:30:33.931Z","action":"remote_check","result":{"ok":true,"detail":{"flagged":false}},"nameHash":"aeb8a1cc8dd82e531f9dd9635a8ec1896a1aadb77de1e61f3fc7ccdeedf86737"}
{"ts":"2025-09-19T12:30:33.940Z","action":"remote_check","result":{"ok":true,"detail":{"flagged":false}},"nameHash":"2bd806c97f0e00af1a1fc3328fa763a9269723c8db8fac4f93af71db186d6e90"}
{"ts":"2025-09-19T12:30:33.950Z","action":"remote_check_skipped","nameHash":"3a54fc0cbc0b0ef48b6507b7788096235d10292dd3ae24e22f5aa062d4f9864a"}
{"ts":"2025-09-19T12:30:33.954Z","action":"remote_check_skipped","nameHash":"2bd806c97f0e00af1a1fc3328fa763a9269723c8db8fac4f93af71db186d6e90"}
{"ts":"2025-09-19T12:30:33.957Z","action":"remote_check_skipped","nameHash":"db74c940d447e877d119df613edd2700c4a84cd1cf08beb7cbc319bcfaeab97a"}
{"ts":"2025-09-19T12:30:33.964Z","action":"remote_check","result":{"ok":false,"detail":{"flagged":true}},"nameHash":"ef70568fc076d7cc56df078730a9db23f5b9d3c1c86b36b998aae8809e1b4052"}
{"ts":"2025-09-19T12:30:33.968Z","action":"remote_check","result":{"ok":true,"detail":{"flagged":false}},"nameHash":"aeb8a1cc8dd82e531f9dd9635a8ec1896a1aadb77de1e61f3fc7ccdeedf86737"}
{"ts":"2025-09-19T12:30:33.972Z","action":"remote_check_error","error":"network down","nameHash":"dcfff5eb40423f055a4cd0a8d7ed39ff6cb9816868f5766b4088b9e9906961b9"}
{"ts":"2025-09-19T12:30:33.974Z","action":"remote_check_error","error":"network down","nameHash":"dcfff5eb40423f055a4cd0a8d7ed39ff6cb9816868f5766b4088b9e9906961b9"}
{"ts":"2025-09-19T12:30:33.999Z","action":"remote_check_skipped","nameHash":"3f79bb7b435b05321651daefd374cdc681dc06faa65e374e38337b88ca046dea"}
{"ts":"2025-09-19T12:30:34.001Z","action":"remote_check_skipped","nameHash":"ca978112ca1bbdcafac231b39a23dc4da786eff8147c4e72b9807785afee48bb"}
{"ts":"2025-09-19T12:30:34.007Z","action":"remote_check_skipped","nameHash":"6da43b944e494e885e69af021f93c6d9331c78aa228084711429160a5bbd15b5"}
{"ts":"2025-09-19T12:30:34.012Z","action":"remote_check_skipped","nameHash":"3ff6c05723bb069d19953340320fa9512f0be584742703e60226ded28bb43861"}
{"ts":"2025-09-19T12:30:34.015Z","action":"remote_check_skipped","nameHash":"8c2574892063f995fdf756bce07f46c1a5193e54cd52837ed91e32008ccf41ac"}
{"ts":"2025-09-19T12:30:34.028Z","action":"remote_check_skipped","nameHash":"7978f506baa16285f4f3f6cee4f425c0bd5e06883e37ede4a8d8e62c03d660ef"}
{"ts":"2025-09-19T12:30:34.034Z","action":"remote_check_skipped","nameHash":"a83dd0ccbffe39d071cc317ddf6e97f5c6b1c87af91919271f9fa140b0508c6c"}
{"ts":"2025-09-19T12:30:34.039Z","action":"remote_check_skipped","nameHash":"97a5e41b45ddd2b2381046e77ccfa5c45d3553b81b66aeba7ed5c460c660f93f"}
{"ts":"2025-09-19T12:30:34.043Z","action":"remote_check_skipped","nameHash":"d8156bae0c4243d3742fc4e9774d8aceabe0410249d720c855f98afc88ff846c"}
{"ts":"2025-09-19T12:30:34.044Z","action":"remote_check_skipped","nameHash":"b34563e2ebeb771708ba0648c9385383f61cc11e86af6076848433059c14b2df"}
{"ts":"2025-09-19T12:30:34.046Z","action":"remote_check_skipped","nameHash":"c4694f2e93d5c4e7d51f9c5deb75e6cc8be5e1114178c6a45b6fc2c566a0aa8c"}
{"ts":"2025-09-19T12:30:34.052Z","action":"remote_check_skipped","nameHash":"97a5e41b45ddd2b2381046e77ccfa5c45d3553b81b66aeba7ed5c460c660f93f"}
{"ts":"2025-09-19T12:30:34.109Z","action":"remote_check_skipped","nameHash":"d2e2adf7177b7a8afddbc12d1634cf23ea1a71020f6a1308070a16400fb68fde"}
{"ts":"2025-09-19T12:30:34.110Z","action":"remote_check_skipped","nameHash":"a25513c7e0f6eaa80a3337ee18081b9e2ed09e00af8531c8f7bb2542764027e7"}
{"ts":"2025-09-19T12:30:34.112Z","action":"remote_check_skipped","nameHash":"ca978112ca1bbdcafac231b39a23dc4da786eff8147c4e72b9807785afee48bb"}
{"ts":"2025-09-19T12:30:34.132Z","action":"remote_check_skipped","nameHash":"3ff6c05723bb069d19953340320fa9512f0be584742703e60226ded28bb43861"}
{"ts":"2025-09-19T12:30:34.137Z","action":"remote_check_skipped","nameHash":"65c74c15a686187bb6bbf9958f494fc6b80068034a659a9ad44991b08c58f2d2"}
{"ts":"2025-09-19T12:30:34.144Z","action":"remote_check_skipped","nameHash":"3973e022e93220f9212c18d0d0c543ae7c309e46640da93a4a0314de999f5112"}
{"ts":"2025-09-19T12:30:34.163Z","action":"remote_check_skipped","nameHash":"3f79bb7b435b05321651daefd374cdc681dc06faa65e374e38337b88ca046dea"}
{"ts":"2025-09-19T12:30:34.170Z","action":"remote_check_skipped","nameHash":"3973e022e93220f9212c18d0d0c543ae7c309e46640da93a4a0314de999f5112"}
{"ts":"2025-09-19T12:30:34.179Z","action":"remote_check_skipped","nameHash":"7ca4a10e190bdd0f8593eedff1fd4ac07716d63a7c7e95f6815e61225eb78263"}
{"ts":"2025-09-19T13:21:55.053Z","action":"remote_check_skipped","nameHash":"9b7543ac736c1dbdca509df4fbb56873b71056b40310bddac788746f92cbe210"}
{"ts":"2025-09-19T13:34:08.381Z","action":"remote_check_skipped","nameHash":"f8f4c87aad9d386a984cd9b9560c2da33cc49c427410a55b2e52448313d14d52"}
{"ts":"2025-09-19T13:44:45.319Z","action":"remote_check_skipped","nameHash":"d3548595cbaa9285ece4362e8bdf7ca193892bd090cb0094d09c3926a85f2106"}
{"ts":"2025-09-19T14:00:54.096Z","action":"remote_check_skipped","nameHash":"7d169baad3bbde9a5134e218d2e0d97fd146319fcad796ce483e1955a9489728"}
{"ts":"2025-09-19T14:05:29.590Z","action":"remote_check_skipped","nameHash":"d216cbe6b4f66271d50b024a5ceb4f6a5c21e3e1f72c0da2309ec95072612916"}
{"ts":"2025-09-19T14:18:00.819Z","action":"remote_check_skipped","nameHash":"65b6e0792ca318efb8b60d400d32a6f599614ee47fa20f3c9a3b85808575172d"}
{"ts":"2025-09-21T02:05:20.045Z","action":"remote_check_skipped","nameHash":"5f7c2bbe2d47fd380de0e843378a1cbde82d103b7f506d1790f67784206c5a45"}
{"ts":"2025-09-21T02:07:42.887Z","action":"remote_check_skipped","nameHash":"8b6be27cf3d70cabc5725030809bed4be8e62b1fc9badf43c6f306bf6a437009"}
{"ts":"2025-09-21T02:08:34.420Z","action":"remote_check_skipped","nameHash":"2d427e40bbceddfe0c46eb3b8b00f65c4588f7a8f28e67f5f4c8fdd670d70194"}
{"ts":"2025-09-21T02:11:11.080Z","action":"remote_check_skipped","nameHash":"056dd56b43b22b41bb47514c78a80cf9f4385561456a5a34e6e42094aa73d540"}
